12-04 13:50:47: Training started...
12-04 13:50:48: New best reward-6.9 (-99.9%)
12-04 13:50:49: New best reward-5.7 (-17.4%)
12-04 13:50:50: New best reward-5.1 (-10.5%)
12-04 13:50:53: New best reward-3.3 (-35.3%)
12-04 13:51:06: New best reward-2.7 (-18.2%)
12-04 13:51:27: New best reward-0.9 (-66.7%)
12-04 13:55:35: Training started...
12-04 13:55:36: New best reward-6.3 (-99.9%)
12-04 13:55:38: New best reward-5.7 (-9.5%)
12-04 13:55:39: New best reward-5.1 (-10.5%)
12-04 13:55:46: New best reward-3.9 (-23.5%)
12-04 13:56:11: New best reward-3.3 (-15.4%)
12-04 13:56:26: New best reward-0.9 (-72.7%)
12-04 13:59:47: Training started...
12-04 13:59:48: New best reward-7.5 (-99.9%)
12-04 13:59:49: New best reward-6.9 (-8.0%)
12-04 13:59:50: New best reward-4.5 (-34.8%)
12-04 13:59:52: New best reward-3.9 (-13.3%)
12-04 14:00:04: New best reward-0.9 (-76.9%)
12-04 14:01:48: New best reward0.3 (-133.3%)
12-04 14:01:59: New best reward1.7 (466.7%)
12-04 14:02:21: New best reward2.3 (35.3%)
12-04 14:02:56: New best reward2.8 (21.7%)
12-04 15:28:41: Training started...
12-04 15:28:43: New best reward -8.7 (-99.9%)
12-04 16:07:30: Training started...
12-04 16:07:32: New best reward -8.1 (-99.9%)
12-04 16:07:32: New best reward -7.5 (-7.4%)
12-04 16:07:32: New best reward -5.1 (-32.0%)
12-04 16:08:03: Training started...
12-04 16:08:04: New best reward -6.3 (-99.9%)
12-04 16:08:04: New best reward -5.7 (-9.5%)
12-04 16:08:04: New best reward -1.5 (-73.7%)
12-04 16:08:17: New best reward -0.9 (-40.0%)
12-04 16:10:40: New best reward 1.5 (-266.7%)
12-04 16:10:49: New best reward 1.8 (20.0%)
12-04 16:11:12: New best reward 2.7 (50.0%)
